# Logfile created on 2014-06-05 13:19:55 -0700 by logger.rb/41954
I, [2014-06-05T13:19:55.695956 #28687]  INFO -- : 0:  rake (10.3.2) from /Users/supairish/.rvm/gems/ruby-2.0.0-p353@x3watch/specifications/rake-10.3.2.gemspec
I, [2014-06-05T13:19:55.696272 #28687]  INFO -- : 0:  i18n (0.6.9) from /Users/supairish/.rvm/gems/ruby-2.0.0-p353@x3watch/specifications/i18n-0.6.9.gemspec
I, [2014-06-05T13:19:55.696509 #28687]  INFO -- : 0:  multi_json (1.10.1) from /Users/supairish/.rvm/gems/ruby-2.0.0-p353@x3watch/specifications/multi_json-1.10.1.gemspec
I, [2014-06-05T13:19:55.696724 #28687]  INFO -- : 0:  activesupport (3.2.18) from /Users/supairish/.rvm/gems/ruby-2.0.0-p353@x3watch/specifications/activesupport-3.2.18.gemspec
I, [2014-06-05T13:19:55.696922 #28687]  INFO -- : 0:  bundler (1.5.1) from /Users/supairish/.rvm/gems/ruby-2.0.0-p353@global/specifications/bundler-1.5.1.gemspec
I, [2014-06-05T13:19:55.697124 #28687]  INFO -- : 0:  columnize (0.8.9) from /Users/supairish/.rvm/gems/ruby-2.0.0-p353@x3watch/specifications/columnize-0.8.9.gemspec
I, [2014-06-05T13:19:55.697327 #28687]  INFO -- : 0:  debugger-linecache (1.2.0) from /Users/supairish/.rvm/gems/ruby-2.0.0-p353@x3watch/specifications/debugger-linecache-1.2.0.gemspec
I, [2014-06-05T13:19:55.697529 #28687]  INFO -- : 0:  byebug (2.7.0) from /Users/supairish/.rvm/gems/ruby-2.0.0-p353@x3watch/specifications/byebug-2.7.0.gemspec
I, [2014-06-05T13:19:55.697730 #28687]  INFO -- : 0:  diff-lcs (1.2.5) from /Users/supairish/.rvm/gems/ruby-2.0.0-p353@x3watch/specifications/diff-lcs-1.2.5.gemspec
I, [2014-06-05T13:19:55.697932 #28687]  INFO -- : 0:  retriable (1.4.1) from /Users/supairish/.rvm/gems/ruby-2.0.0-p353@x3watch/specifications/retriable-1.4.1.gemspec
I, [2014-06-05T13:19:55.724395 #28687]  INFO -- : 0:  infusionsoft (2.0.0) from /Users/supairish/Projects/x3watch/vendor/gem_reference/infusionsoft/infusionsoft.gemspec
I, [2014-06-05T13:19:56.598213 #28687]  INFO -- : 0:  rspec-core (2.99.0) from /Users/supairish/.rvm/gems/ruby-2.0.0-p353@x3watch/specifications/rspec-core-2.99.0.gemspec
I, [2014-06-05T13:19:57.274164 #28687]  INFO -- : 0:  rspec-expectations (2.99.0) from /Users/supairish/.rvm/gems/ruby-2.0.0-p353@x3watch/specifications/rspec-expectations-2.99.0.gemspec
I, [2014-06-05T13:19:57.997441 #28687]  INFO -- : 0:  rspec-mocks (2.99.0) from /Users/supairish/.rvm/gems/ruby-2.0.0-p353@x3watch/specifications/rspec-mocks-2.99.0.gemspec
I, [2014-06-05T13:19:58.553234 #28687]  INFO -- : 0:  rspec (2.99.0) from /Users/supairish/.rvm/gems/ruby-2.0.0-p353@x3watch/specifications/rspec-2.99.0.gemspec
I, [2014-06-05T13:19:58.553639 #28687]  INFO -- : 0:  rspec-instafail (0.2.4) from /Users/supairish/.rvm/gems/ruby-2.0.0-p353@x3watch/specifications/rspec-instafail-0.2.4.gemspec
I, [2014-06-05T13:36:47.704064 #29277]  INFO -- : 0:  rake (10.3.2) from /Users/supairish/.rvm/gems/ruby-2.0.0-p353@x3watch/specifications/rake-10.3.2.gemspec
I, [2014-06-05T13:36:47.704414 #29277]  INFO -- : 0:  i18n (0.6.9) from /Users/supairish/.rvm/gems/ruby-2.0.0-p353@x3watch/specifications/i18n-0.6.9.gemspec
I, [2014-06-05T13:36:47.704644 #29277]  INFO -- : 0:  multi_json (1.10.1) from /Users/supairish/.rvm/gems/ruby-2.0.0-p353@x3watch/specifications/multi_json-1.10.1.gemspec
I, [2014-06-05T13:36:47.704878 #29277]  INFO -- : 0:  activesupport (3.2.18) from /Users/supairish/.rvm/gems/ruby-2.0.0-p353@x3watch/specifications/activesupport-3.2.18.gemspec
I, [2014-06-05T13:36:47.705090 #29277]  INFO -- : 0:  bundler (1.5.1) from /Users/supairish/.rvm/gems/ruby-2.0.0-p353@global/specifications/bundler-1.5.1.gemspec
I, [2014-06-05T13:36:47.705313 #29277]  INFO -- : 0:  columnize (0.8.9) from /Users/supairish/.rvm/gems/ruby-2.0.0-p353@x3watch/specifications/columnize-0.8.9.gemspec
I, [2014-06-05T13:36:47.705530 #29277]  INFO -- : 0:  debugger-linecache (1.2.0) from /Users/supairish/.rvm/gems/ruby-2.0.0-p353@x3watch/specifications/debugger-linecache-1.2.0.gemspec
I, [2014-06-05T13:36:47.705753 #29277]  INFO -- : 0:  byebug (2.7.0) from /Users/supairish/.rvm/gems/ruby-2.0.0-p353@x3watch/specifications/byebug-2.7.0.gemspec
I, [2014-06-05T13:36:47.705992 #29277]  INFO -- : 0:  diff-lcs (1.2.5) from /Users/supairish/.rvm/gems/ruby-2.0.0-p353@x3watch/specifications/diff-lcs-1.2.5.gemspec
I, [2014-06-05T13:36:47.706194 #29277]  INFO -- : 0:  retriable (1.4.1) from /Users/supairish/.rvm/gems/ruby-2.0.0-p353@x3watch/specifications/retriable-1.4.1.gemspec
I, [2014-06-05T13:36:47.764541 #29277]  INFO -- : 0:  infusionsoft (2.0.0) from /Users/supairish/Projects/x3watch/vendor/gem_reference/infusionsoft/infusionsoft.gemspec
I, [2014-06-05T13:36:47.765107 #29277]  INFO -- : 0:  rspec-core (2.99.0) from /Users/supairish/.rvm/gems/ruby-2.0.0-p353@x3watch/specifications/rspec-core-2.99.0.gemspec
I, [2014-06-05T13:36:47.765471 #29277]  INFO -- : 0:  rspec-expectations (2.99.0) from /Users/supairish/.rvm/gems/ruby-2.0.0-p353@x3watch/specifications/rspec-expectations-2.99.0.gemspec
I, [2014-06-05T13:36:47.765871 #29277]  INFO -- : 0:  rspec-mocks (2.99.0) from /Users/supairish/.rvm/gems/ruby-2.0.0-p353@x3watch/specifications/rspec-mocks-2.99.0.gemspec
I, [2014-06-05T13:36:47.766220 #29277]  INFO -- : 0:  rspec (2.99.0) from /Users/supairish/.rvm/gems/ruby-2.0.0-p353@x3watch/specifications/rspec-2.99.0.gemspec
I, [2014-06-05T13:36:47.766564 #29277]  INFO -- : 0:  rspec-instafail (0.2.4) from /Users/supairish/.rvm/gems/ruby-2.0.0-p353@x3watch/specifications/rspec-instafail-0.2.4.gemspec
I, [2014-06-05T13:37:44.393744 #29332]  INFO -- : 0:  rake (10.3.2) from /Users/supairish/.rvm/gems/ruby-2.0.0-p353@x3watch/specifications/rake-10.3.2.gemspec
I, [2014-06-05T13:37:44.394142 #29332]  INFO -- : 0:  i18n (0.6.9) from /Users/supairish/.rvm/gems/ruby-2.0.0-p353@x3watch/specifications/i18n-0.6.9.gemspec
I, [2014-06-05T13:37:44.394369 #29332]  INFO -- : 0:  multi_json (1.10.1) from /Users/supairish/.rvm/gems/ruby-2.0.0-p353@x3watch/specifications/multi_json-1.10.1.gemspec
I, [2014-06-05T13:37:44.394607 #29332]  INFO -- : 0:  activesupport (3.2.18) from /Users/supairish/.rvm/gems/ruby-2.0.0-p353@x3watch/specifications/activesupport-3.2.18.gemspec
I, [2014-06-05T13:37:44.394819 #29332]  INFO -- : 0:  bundler (1.5.1) from /Users/supairish/.rvm/gems/ruby-2.0.0-p353@global/specifications/bundler-1.5.1.gemspec
I, [2014-06-05T13:37:44.395039 #29332]  INFO -- : 0:  columnize (0.8.9) from /Users/supairish/.rvm/gems/ruby-2.0.0-p353@x3watch/specifications/columnize-0.8.9.gemspec
I, [2014-06-05T13:37:44.395256 #29332]  INFO -- : 0:  debugger-linecache (1.2.0) from /Users/supairish/.rvm/gems/ruby-2.0.0-p353@x3watch/specifications/debugger-linecache-1.2.0.gemspec
I, [2014-06-05T13:37:44.395478 #29332]  INFO -- : 0:  byebug (2.7.0) from /Users/supairish/.rvm/gems/ruby-2.0.0-p353@x3watch/specifications/byebug-2.7.0.gemspec
I, [2014-06-05T13:37:44.395698 #29332]  INFO -- : 0:  diff-lcs (1.2.5) from /Users/supairish/.rvm/gems/ruby-2.0.0-p353@x3watch/specifications/diff-lcs-1.2.5.gemspec
I, [2014-06-05T13:37:44.395900 #29332]  INFO -- : 0:  retriable (1.4.1) from /Users/supairish/.rvm/gems/ruby-2.0.0-p353@x3watch/specifications/retriable-1.4.1.gemspec
I, [2014-06-05T13:37:44.427685 #29332]  INFO -- : 0:  infusionsoft (2.0.0) from /Users/supairish/Projects/x3watch/vendor/gem_reference/infusionsoft/infusionsoft.gemspec
I, [2014-06-05T13:37:44.428050 #29332]  INFO -- : 0:  rspec-core (2.99.0) from /Users/supairish/.rvm/gems/ruby-2.0.0-p353@x3watch/specifications/rspec-core-2.99.0.gemspec
I, [2014-06-05T13:37:44.428272 #29332]  INFO -- : 0:  rspec-expectations (2.99.0) from /Users/supairish/.rvm/gems/ruby-2.0.0-p353@x3watch/specifications/rspec-expectations-2.99.0.gemspec
I, [2014-06-05T13:37:44.428488 #29332]  INFO -- : 0:  rspec-mocks (2.99.0) from /Users/supairish/.rvm/gems/ruby-2.0.0-p353@x3watch/specifications/rspec-mocks-2.99.0.gemspec
I, [2014-06-05T13:37:44.428701 #29332]  INFO -- : 0:  rspec (2.99.0) from /Users/supairish/.rvm/gems/ruby-2.0.0-p353@x3watch/specifications/rspec-2.99.0.gemspec
I, [2014-06-05T13:37:44.428906 #29332]  INFO -- : 0:  rspec-instafail (0.2.4) from /Users/supairish/.rvm/gems/ruby-2.0.0-p353@x3watch/specifications/rspec-instafail-0.2.4.gemspec
I, [2014-06-05T13:37:46.566736 #29339]  INFO -- : 0:  rake (10.3.2) from /Users/supairish/.rvm/gems/ruby-2.0.0-p353@x3watch/specifications/rake-10.3.2.gemspec
I, [2014-06-05T13:37:46.567071 #29339]  INFO -- : 0:  i18n (0.6.9) from /Users/supairish/.rvm/gems/ruby-2.0.0-p353@x3watch/specifications/i18n-0.6.9.gemspec
I, [2014-06-05T13:37:46.567306 #29339]  INFO -- : 0:  multi_json (1.10.1) from /Users/supairish/.rvm/gems/ruby-2.0.0-p353@x3watch/specifications/multi_json-1.10.1.gemspec
I, [2014-06-05T13:37:46.567524 #29339]  INFO -- : 0:  activesupport (3.2.18) from /Users/supairish/.rvm/gems/ruby-2.0.0-p353@x3watch/specifications/activesupport-3.2.18.gemspec
I, [2014-06-05T13:37:46.567731 #29339]  INFO -- : 0:  bundler (1.5.1) from /Users/supairish/.rvm/gems/ruby-2.0.0-p353@global/specifications/bundler-1.5.1.gemspec
I, [2014-06-05T13:37:46.567949 #29339]  INFO -- : 0:  columnize (0.8.9) from /Users/supairish/.rvm/gems/ruby-2.0.0-p353@x3watch/specifications/columnize-0.8.9.gemspec
I, [2014-06-05T13:37:46.568164 #29339]  INFO -- : 0:  debugger-linecache (1.2.0) from /Users/supairish/.rvm/gems/ruby-2.0.0-p353@x3watch/specifications/debugger-linecache-1.2.0.gemspec
I, [2014-06-05T13:37:46.568382 #29339]  INFO -- : 0:  byebug (2.7.0) from /Users/supairish/.rvm/gems/ruby-2.0.0-p353@x3watch/specifications/byebug-2.7.0.gemspec
I, [2014-06-05T13:37:46.568600 #29339]  INFO -- : 0:  diff-lcs (1.2.5) from /Users/supairish/.rvm/gems/ruby-2.0.0-p353@x3watch/specifications/diff-lcs-1.2.5.gemspec
I, [2014-06-05T13:37:46.568800 #29339]  INFO -- : 0:  retriable (1.4.1) from /Users/supairish/.rvm/gems/ruby-2.0.0-p353@x3watch/specifications/retriable-1.4.1.gemspec
I, [2014-06-05T13:37:46.598668 #29339]  INFO -- : 0:  infusionsoft (2.0.0) from /Users/supairish/Projects/x3watch/vendor/gem_reference/infusionsoft/infusionsoft.gemspec
I, [2014-06-05T13:37:46.599012 #29339]  INFO -- : 0:  rspec-core (2.99.0) from /Users/supairish/.rvm/gems/ruby-2.0.0-p353@x3watch/specifications/rspec-core-2.99.0.gemspec
I, [2014-06-05T13:37:46.599235 #29339]  INFO -- : 0:  rspec-expectations (2.99.0) from /Users/supairish/.rvm/gems/ruby-2.0.0-p353@x3watch/specifications/rspec-expectations-2.99.0.gemspec
I, [2014-06-05T13:37:46.599450 #29339]  INFO -- : 0:  rspec-mocks (2.99.0) from /Users/supairish/.rvm/gems/ruby-2.0.0-p353@x3watch/specifications/rspec-mocks-2.99.0.gemspec
I, [2014-06-05T13:37:46.599655 #29339]  INFO -- : 0:  rspec (2.99.0) from /Users/supairish/.rvm/gems/ruby-2.0.0-p353@x3watch/specifications/rspec-2.99.0.gemspec
I, [2014-06-05T13:37:46.599856 #29339]  INFO -- : 0:  rspec-instafail (0.2.4) from /Users/supairish/.rvm/gems/ruby-2.0.0-p353@x3watch/specifications/rspec-instafail-0.2.4.gemspec
I, [2014-06-05T13:41:11.390478 #29489]  INFO -- : 0:  rake (10.3.2) from /Users/supairish/.rvm/gems/ruby-2.0.0-p353@x3watch/specifications/rake-10.3.2.gemspec
I, [2014-06-05T13:41:11.390805 #29489]  INFO -- : 0:  i18n (0.6.9) from /Users/supairish/.rvm/gems/ruby-2.0.0-p353@x3watch/specifications/i18n-0.6.9.gemspec
I, [2014-06-05T13:41:11.391029 #29489]  INFO -- : 0:  multi_json (1.10.1) from /Users/supairish/.rvm/gems/ruby-2.0.0-p353@x3watch/specifications/multi_json-1.10.1.gemspec
I, [2014-06-05T13:41:11.391243 #29489]  INFO -- : 0:  activesupport (3.2.18) from /Users/supairish/.rvm/gems/ruby-2.0.0-p353@x3watch/specifications/activesupport-3.2.18.gemspec
I, [2014-06-05T13:41:11.391442 #29489]  INFO -- : 0:  bundler (1.5.1) from /Users/supairish/.rvm/gems/ruby-2.0.0-p353@global/specifications/bundler-1.5.1.gemspec
I, [2014-06-05T13:41:11.391664 #29489]  INFO -- : 0:  columnize (0.8.9) from /Users/supairish/.rvm/gems/ruby-2.0.0-p353@x3watch/specifications/columnize-0.8.9.gemspec
I, [2014-06-05T13:41:11.391867 #29489]  INFO -- : 0:  debugger-linecache (1.2.0) from /Users/supairish/.rvm/gems/ruby-2.0.0-p353@x3watch/specifications/debugger-linecache-1.2.0.gemspec
I, [2014-06-05T13:41:11.392072 #29489]  INFO -- : 0:  byebug (2.7.0) from /Users/supairish/.rvm/gems/ruby-2.0.0-p353@x3watch/specifications/byebug-2.7.0.gemspec
I, [2014-06-05T13:41:11.392273 #29489]  INFO -- : 0:  diff-lcs (1.2.5) from /Users/supairish/.rvm/gems/ruby-2.0.0-p353@x3watch/specifications/diff-lcs-1.2.5.gemspec
I, [2014-06-05T13:41:11.392489 #29489]  INFO -- : 0:  retriable (1.4.1) from /Users/supairish/.rvm/gems/ruby-2.0.0-p353@x3watch/specifications/retriable-1.4.1.gemspec
I, [2014-06-05T13:41:11.395810 #29489]  INFO -- : 0:  infusionsoft (2.0.0) from /Users/supairish/Projects/x3watch/vendor/gem_reference/infusionsoft/infusionsoft.gemspec
I, [2014-06-05T13:41:11.396075 #29489]  INFO -- : 0:  rspec-core (2.99.0) from /Users/supairish/.rvm/gems/ruby-2.0.0-p353@x3watch/specifications/rspec-core-2.99.0.gemspec
I, [2014-06-05T13:41:11.396293 #29489]  INFO -- : 0:  rspec-expectations (2.99.0) from /Users/supairish/.rvm/gems/ruby-2.0.0-p353@x3watch/specifications/rspec-expectations-2.99.0.gemspec
I, [2014-06-05T13:41:11.396505 #29489]  INFO -- : 0:  rspec-mocks (2.99.0) from /Users/supairish/.rvm/gems/ruby-2.0.0-p353@x3watch/specifications/rspec-mocks-2.99.0.gemspec
I, [2014-06-05T13:41:11.396712 #29489]  INFO -- : 0:  rspec (2.99.0) from /Users/supairish/.rvm/gems/ruby-2.0.0-p353@x3watch/specifications/rspec-2.99.0.gemspec
I, [2014-06-05T13:41:11.396915 #29489]  INFO -- : 0:  rspec-instafail (0.2.4) from /Users/supairish/.rvm/gems/ruby-2.0.0-p353@x3watch/specifications/rspec-instafail-0.2.4.gemspec
I, [2014-06-05T13:43:00.965905 #29542]  INFO -- : 0:  rake (10.3.2) from /Users/supairish/.rvm/gems/ruby-2.0.0-p353@x3watch/specifications/rake-10.3.2.gemspec
I, [2014-06-05T13:43:00.966235 #29542]  INFO -- : 0:  i18n (0.6.9) from /Users/supairish/.rvm/gems/ruby-2.0.0-p353@x3watch/specifications/i18n-0.6.9.gemspec
I, [2014-06-05T13:43:00.966449 #29542]  INFO -- : 0:  multi_json (1.10.1) from /Users/supairish/.rvm/gems/ruby-2.0.0-p353@x3watch/specifications/multi_json-1.10.1.gemspec
I, [2014-06-05T13:43:00.966652 #29542]  INFO -- : 0:  activesupport (3.2.18) from /Users/supairish/.rvm/gems/ruby-2.0.0-p353@x3watch/specifications/activesupport-3.2.18.gemspec
I, [2014-06-05T13:43:00.966837 #29542]  INFO -- : 0:  bundler (1.5.1) from /Users/supairish/.rvm/gems/ruby-2.0.0-p353@global/specifications/bundler-1.5.1.gemspec
I, [2014-06-05T13:43:00.967037 #29542]  INFO -- : 0:  columnize (0.8.9) from /Users/supairish/.rvm/gems/ruby-2.0.0-p353@x3watch/specifications/columnize-0.8.9.gemspec
I, [2014-06-05T13:43:00.967233 #29542]  INFO -- : 0:  debugger-linecache (1.2.0) from /Users/supairish/.rvm/gems/ruby-2.0.0-p353@x3watch/specifications/debugger-linecache-1.2.0.gemspec
I, [2014-06-05T13:43:00.967429 #29542]  INFO -- : 0:  byebug (2.7.0) from /Users/supairish/.rvm/gems/ruby-2.0.0-p353@x3watch/specifications/byebug-2.7.0.gemspec
I, [2014-06-05T13:43:00.967625 #29542]  INFO -- : 0:  diff-lcs (1.2.5) from /Users/supairish/.rvm/gems/ruby-2.0.0-p353@x3watch/specifications/diff-lcs-1.2.5.gemspec
I, [2014-06-05T13:43:00.967814 #29542]  INFO -- : 0:  retriable (1.4.1) from /Users/supairish/.rvm/gems/ruby-2.0.0-p353@x3watch/specifications/retriable-1.4.1.gemspec
I, [2014-06-05T13:43:00.970990 #29542]  INFO -- : 0:  infusionsoft (2.0.0) from /Users/supairish/Projects/x3watch/vendor/gem_reference/infusionsoft/infusionsoft.gemspec
I, [2014-06-05T13:43:00.971293 #29542]  INFO -- : 0:  rspec-core (2.99.0) from /Users/supairish/.rvm/gems/ruby-2.0.0-p353@x3watch/specifications/rspec-core-2.99.0.gemspec
I, [2014-06-05T13:43:00.971501 #29542]  INFO -- : 0:  rspec-expectations (2.99.0) from /Users/supairish/.rvm/gems/ruby-2.0.0-p353@x3watch/specifications/rspec-expectations-2.99.0.gemspec
I, [2014-06-05T13:43:00.971703 #29542]  INFO -- : 0:  rspec-mocks (2.99.0) from /Users/supairish/.rvm/gems/ruby-2.0.0-p353@x3watch/specifications/rspec-mocks-2.99.0.gemspec
I, [2014-06-05T13:43:00.971916 #29542]  INFO -- : 0:  rspec (2.99.0) from /Users/supairish/.rvm/gems/ruby-2.0.0-p353@x3watch/specifications/rspec-2.99.0.gemspec
I, [2014-06-05T13:43:00.972446 #29542]  INFO -- : 0:  rspec-instafail (0.2.4) from /Users/supairish/.rvm/gems/ruby-2.0.0-p353@x3watch/specifications/rspec-instafail-0.2.4.gemspec
